  Background.cpp
C:\Users\arich\Documents\VS Projects\ZombieGame\Background.cpp(26,62): warning C4244: 'argument': conversion from 'int' to 'T', possible loss of data
          with
          [
              T=float
          ]
C:\Users\arich\Documents\VS Projects\ZombieGame\Background.cpp(26,47): warning C4244: 'argument': conversion from 'int' to 'T', possible loss of data
          with
          [
              T=float
          ]
C:\Users\arich\Documents\VS Projects\ZombieGame\Background.cpp(28,76): warning C4244: 'argument': conversion from 'int' to 'T', possible loss of data
          with
          [
              T=float
          ]
C:\Users\arich\Documents\VS Projects\ZombieGame\Background.cpp(28,61): warning C4244: 'argument': conversion from 'int' to 'T', possible loss of data
          with
          [
              T=float
          ]
C:\Users\arich\Documents\VS Projects\ZombieGame\Background.cpp(30,90): warning C4244: 'argument': conversion from 'int' to 'T', possible loss of data
          with
          [
              T=float
          ]
C:\Users\arich\Documents\VS Projects\ZombieGame\Background.cpp(30,61): warning C4244: 'argument': conversion from 'int' to 'T', possible loss of data
          with
          [
              T=float
          ]
C:\Users\arich\Documents\VS Projects\ZombieGame\Background.cpp(32,78): warning C4244: 'argument': conversion from 'int' to 'T', possible loss of data
          with
          [
              T=float
          ]
C:\Users\arich\Documents\VS Projects\ZombieGame\Background.cpp(32,48): warning C4244: 'argument': conversion from 'int' to 'T', possible loss of data
          with
          [
              T=float
          ]
C:\Users\arich\Documents\VS Projects\ZombieGame\Background.cpp(50,52): warning C4244: 'argument': conversion from 'int' to 'T', possible loss of data
          with
          [
              T=float
          ]
C:\Users\arich\Documents\VS Projects\ZombieGame\Background.cpp(52,60): warning C4244: 'argument': conversion from 'int' to 'T', possible loss of data
          with
          [
              T=float
          ]
C:\Users\arich\Documents\VS Projects\ZombieGame\Background.cpp(54,68): warning C4244: 'argument': conversion from 'int' to 'T', possible loss of data
          with
          [
              T=float
          ]
C:\Users\arich\Documents\VS Projects\ZombieGame\Background.cpp(56,60): warning C4244: 'argument': conversion from 'int' to 'T', possible loss of data
          with
          [
              T=float
          ]
  Player.cpp
C:\Users\arich\Documents\VS Projects\ZombieGame\Player.cpp(6,13): warning C4244: '=': conversion from 'const float' to 'int', possible loss of data
C:\Users\arich\Documents\VS Projects\ZombieGame\Player.cpp(7,16): warning C4244: '=': conversion from 'const float' to 'int', possible loss of data
C:\Users\arich\Documents\VS Projects\ZombieGame\Player.cpp(20,24): warning C4244: '=': conversion from 'int' to 'T', possible loss of data
          with
          [
              T=float
          ]
C:\Users\arich\Documents\VS Projects\ZombieGame\Player.cpp(21,24): warning C4244: '=': conversion from 'int' to 'T', possible loss of data
          with
          [
              T=float
          ]
C:\Users\arich\Documents\VS Projects\ZombieGame\Player.cpp(148,27): warning C4244: '=': conversion from 'int' to 'T', possible loss of data
          with
          [
              T=float
          ]
C:\Users\arich\Documents\VS Projects\ZombieGame\Player.cpp(152,26): warning C4244: '=': conversion from 'int' to 'T', possible loss of data
          with
          [
              T=float
          ]
C:\Users\arich\Documents\VS Projects\ZombieGame\Player.cpp(156,28): warning C4244: '=': conversion from 'int' to 'T', possible loss of data
          with
          [
              T=float
          ]
C:\Users\arich\Documents\VS Projects\ZombieGame\Player.cpp(160,25): warning C4244: '=': conversion from 'int' to 'T', possible loss of data
          with
          [
              T=float
          ]
C:\Users\arich\Documents\VS Projects\ZombieGame\Player.cpp(164,14): warning C4244: 'initializing': conversion from 'double' to 'float', possible loss of data
C:\Users\arich\Documents\VS Projects\ZombieGame\Player.cpp(170,26): warning C4244: '+=': conversion from 'double' to 'float', possible loss of data
C:\Users\arich\Documents\VS Projects\ZombieGame\Player.cpp(175,31): warning C4244: '+=': conversion from 'double' to 'int', possible loss of data
  Generating Code...
  ZombieGame.vcxproj -> C:\Users\arich\Documents\VS Projects\ZombieGame\Debug\ZombieGame.exe
